This is pdfTeX, Version 3.141592653-2.6-1.40.24 (TeX Live 2022) (preloaded format=pdflatex 2023.1.28)  11 MAR 2023 00:24
entering extended mode
 restricted \write18 enabled.
 %&-line parsing enabled.
**main.tex
(./main.tex
LaTeX2e <2022-11-01> patch level 1
L3 programming layer <2023-01-24>
(c:/texlive/2022/texmf-dist/tex/latex/base/article.cls
Document Class: article 2022/07/02 v1.4n Standard LaTeX document class
(c:/texlive/2022/texmf-dist/tex/latex/base/size12.clo
File: size12.clo 2022/07/02 v1.4n Standard LaTeX file (size option)
)
\c@part=\count185
\c@section=\count186
\c@subsection=\count187
\c@subsubsection=\count188
\c@paragraph=\count189
\c@subparagraph=\count190
\c@figure=\count191
\c@table=\count192
\abovecaptionskip=\skip48
\belowcaptionskip=\skip49
\bibindent=\dimen140
)
(c:/texlive/2022/texmf-dist/tex/latex/base/inputenc.sty
Package: inputenc 2021/02/14 v1.3d Input encoding file
\inpenc@prehook=\toks16
\inpenc@posthook=\toks17
)
(c:/texlive/2022/texmf-dist/tex/latex/ae/ae.sty
Package: ae 2001/02/12 1.3 Almost European Computer Modern

(c:/texlive/2022/texmf-dist/tex/latex/base/fontenc.sty
Package: fontenc 2021/04/29 v2.0v Standard LaTeX package
))
(c:/texlive/2022/texmf-dist/tex/latex/ae/aecompl.sty
Package: aecompl 1998/07/23 0.9 T1 Complements for AE fonts (D. Roegel)
)
(c:/texlive/2022/texmf-dist/tex/generic/babel/babel.sty
Package: babel 2022/01/23 3.85 The Babel package
\babel@savecnt=\count193
\U@D=\dimen141
\l@unhyphenated=\language87

(c:/texlive/2022/texmf-dist/tex/generic/babel/txtbabel.def)
\bbl@readstream=\read2
\bbl@dirlevel=\count194

(c:/texlive/2022/texmf-dist/tex/generic/babel-finnish/finnish.ldf
Language: finnish 2021/02/06 v1.3s Finnish support from the babel system
Package babel Info: Making " an active character on input line 85.
)
(c:/texlive/2022/texmf-dist/tex/generic/babel-english/english.ldf
Language: english 2017/06/06 v3.3r English support from the babel system
Package babel Info: Hyphen rules for 'canadian' set to \l@english
(babel)             (\language0). Reported on input line 102.
Package babel Info: Hyphen rules for 'australian' set to \l@ukenglish
(babel)             (\language21). Reported on input line 105.
Package babel Info: Hyphen rules for 'newzealand' set to \l@ukenglish
(babel)             (\language21). Reported on input line 108.
)
(c:/texlive/2022/texmf-dist/tex/generic/babel-swedish/swedish.ldf
Language: swedish 2021/02/06 v2.3e Swedish support from the babel system
)

Package babel Warning: Last declared language option is 'finnish',
(babel)                but the last processed one was 'swedish'.
(babel)                The main language can't be set as both a global
(babel)                and a package option. Use 'main=finnish' as
(babel)                option. Reported on input line 4381.

) (c:/texlive/2022/texmf-dist/tex/generic/babel/locale/sv/babel-swedish.tex
Package babel Info: Importing font and identification data for swedish
(babel)             from babel-sv.ini. Reported on input line 11.
)
(c:/texlive/2022/texmf-dist/tex/generic/babel/locale/en/babel-english.tex
Package babel Info: Importing font and identification data for english
(babel)             from babel-en.ini. Reported on input line 11.
)
(c:/texlive/2022/texmf-dist/tex/generic/babel/locale/fi/babel-finnish.tex
Package babel Info: Importing font and identification data for finnish
(babel)             from babel-fi.ini. Reported on input line 11.
)
(./aaltosci_t.sty
Package: aaltosci_t 2011/02/01 v1.02 TIK.kand style
 (c:/texlive/2022/texmf-dist/tex/latex/amsfonts/amssymb.sty
Package: amssymb 2013/01/14 v3.01 AMS font symbols

(c:/texlive/2022/texmf-dist/tex/latex/amsfonts/amsfonts.sty
Package: amsfonts 2013/01/14 v3.01 Basic AMSFonts support
\@emptytoks=\toks18
\symAMSa=\mathgroup4
\symAMSb=\mathgroup5
LaTeX Font Info:    Redeclaring math symbol \hbar on input line 98.
LaTeX Font Info:    Overwriting math alphabet `\mathfrak' in version `bold'
(Font)                  U/euf/m/n --> U/euf/b/n on input line 106.
))
(c:/texlive/2022/texmf-dist/tex/latex/graphics/graphicx.sty
Package: graphicx 2021/09/16 v1.2d Enhanced LaTeX Graphics (DPC,SPQR)

(c:/texlive/2022/texmf-dist/tex/latex/graphics/keyval.sty
Package: keyval 2022/05/29 v1.15 key=value parser (DPC)
\KV@toks@=\toks19
)
(c:/texlive/2022/texmf-dist/tex/latex/graphics/graphics.sty
Package: graphics 2022/03/10 v1.4e Standard LaTeX Graphics (DPC,SPQR)

(c:/texlive/2022/texmf-dist/tex/latex/graphics/trig.sty
Package: trig 2021/08/11 v1.11 sin cos tan (DPC)
)
(c:/texlive/2022/texmf-dist/tex/latex/graphics-cfg/graphics.cfg
File: graphics.cfg 2016/06/04 v1.11 sample graphics configuration
)
Package graphics Info: Driver file: pdftex.def on input line 107.

(c:/texlive/2022/texmf-dist/tex/latex/graphics-def/pdftex.def
File: pdftex.def 2022/09/22 v1.2b Graphics/color driver for pdftex
))
\Gin@req@height=\dimen142
\Gin@req@width=\dimen143
)
(c:/texlive/2022/texmf-dist/tex/latex/natbib/natbib.sty
Package: natbib 2010/09/13 8.31b (PWD, AO)
\bibhang=\skip50
\bibsep=\skip51
LaTeX Info: Redefining \cite on input line 694.
\c@NAT@ctr=\count195
)
(c:/texlive/2022/texmf-dist/tex/latex/environ/environ.sty
Package: environ 2014/05/04 v0.3 A new way to define environments

(c:/texlive/2022/texmf-dist/tex/latex/trimspaces/trimspaces.sty
Package: trimspaces 2009/09/17 v1.1 Trim spaces around a token list
)
\@envbody=\toks20
))
(c:/texlive/2022/texmf-dist/tex/latex/base/alltt.sty
Package: alltt 2021/01/29 v2.0g defines alltt environment
)
(c:/texlive/2022/texmf-dist/tex/latex/amsmath/amsmath.sty
Package: amsmath 2022/04/08 v2.17n AMS math features
\@mathmargin=\skip52

For additional information on amsmath, use the `?' option.
(c:/texlive/2022/texmf-dist/tex/latex/amsmath/amstext.sty
Package: amstext 2021/08/26 v2.01 AMS text

(c:/texlive/2022/texmf-dist/tex/latex/amsmath/amsgen.sty
File: amsgen.sty 1999/11/30 v2.0 generic functions
\@emptytoks=\toks21
\ex@=\dimen144
))
(c:/texlive/2022/texmf-dist/tex/latex/amsmath/amsbsy.sty
Package: amsbsy 1999/11/29 v1.2d Bold Symbols
\pmbraise@=\dimen145
)
(c:/texlive/2022/texmf-dist/tex/latex/amsmath/amsopn.sty
Package: amsopn 2022/04/08 v2.04 operator names
)
\inf@bad=\count196
LaTeX Info: Redefining \frac on input line 234.
\uproot@=\count197
\leftroot@=\count198
LaTeX Info: Redefining \overline on input line 399.
LaTeX Info: Redefining \colon on input line 410.
\classnum@=\count199
\DOTSCASE@=\count266
LaTeX Info: Redefining \ldots on input line 496.
LaTeX Info: Redefining \dots on input line 499.
LaTeX Info: Redefining \cdots on input line 620.
\Mathstrutbox@=\box51
\strutbox@=\box52
LaTeX Info: Redefining \big on input line 722.
LaTeX Info: Redefining \Big on input line 723.
LaTeX Info: Redefining \bigg on input line 724.
LaTeX Info: Redefining \Bigg on input line 725.
\big@size=\dimen146
LaTeX Font Info:    Redeclaring font encoding OML on input line 743.
LaTeX Font Info:    Redeclaring font encoding OMS on input line 744.
\macc@depth=\count267
LaTeX Info: Redefining \bmod on input line 905.
LaTeX Info: Redefining \pmod on input line 910.
LaTeX Info: Redefining \smash on input line 940.
LaTeX Info: Redefining \relbar on input line 970.
LaTeX Info: Redefining \Relbar on input line 971.
\c@MaxMatrixCols=\count268
\dotsspace@=\muskip16
\c@parentequation=\count269
\dspbrk@lvl=\count270
\tag@help=\toks22
\row@=\count271
\column@=\count272
\maxfields@=\count273
\andhelp@=\toks23
\eqnshift@=\dimen147
\alignsep@=\dimen148
\tagshift@=\dimen149
\tagwidth@=\dimen150
\totwidth@=\dimen151
\lineht@=\dimen152
\@envbody=\toks24
\multlinegap=\skip53
\multlinetaggap=\skip54
\mathdisplay@stack=\toks25
LaTeX Info: Redefining \[ on input line 2953.
LaTeX Info: Redefining \] on input line 2954.
)
(c:/texlive/2022/texmf-dist/tex/latex/tools/calc.sty
Package: calc 2017/05/25 v4.3 Infix arithmetic (KKT,FJ)
\calc@Acount=\count274
\calc@Bcount=\count275
\calc@Adimen=\dimen153
\calc@Bdimen=\dimen154
\calc@Askip=\skip55
\calc@Bskip=\skip56
LaTeX Info: Redefining \setlength on input line 80.
LaTeX Info: Redefining \addtolength on input line 81.
\calc@Ccount=\count276
\calc@Cskip=\skip57
)
(c:/texlive/2022/texmf-dist/tex/latex/eurosym/eurosym.sty
Package: eurosym 1998/08/06 v1.1 European currency symbol ``Euro''
\@eurobox=\box53
)
(c:/texlive/2022/texmf-dist/tex/latex/url/url.sty
\Urlmuskip=\muskip17
Package: url 2013/09/16  ver 3.4  Verb mode for urls, etc.
)
(c:/texlive/2022/texmf-dist/tex/latex/listings/listings.sty
\lst@mode=\count277
\lst@gtempboxa=\box54
\lst@token=\toks26
\lst@length=\count278
\lst@currlwidth=\dimen155
\lst@column=\count279
\lst@pos=\count280
\lst@lostspace=\dimen156
\lst@width=\dimen157
\lst@newlines=\count281
\lst@lineno=\count282
\lst@maxwidth=\dimen158

(c:/texlive/2022/texmf-dist/tex/latex/listings/lstmisc.sty
File: lstmisc.sty 2020/03/24 1.8d (Carsten Heinz)
\c@lstnumber=\count283
\lst@skipnumbers=\count284
\lst@framebox=\box55
)
(c:/texlive/2022/texmf-dist/tex/latex/listings/listings.cfg
File: listings.cfg 2020/03/24 1.8d listings configuration
))
Package: listings 2020/03/24 1.8d (Carsten Heinz)

(c:/texlive/2022/texmf-dist/tex/latex/algorithms/algorithm.sty
Package: algorithm 2009/08/24 v0.1 Document Style `algorithm' - floating enviro
nment

(c:/texlive/2022/texmf-dist/tex/latex/float/float.sty
Package: float 2001/11/08 v1.3d Float enhancements (AL)
\c@float@type=\count285
\float@exts=\toks27
\float@box=\box56
\@float@everytoks=\toks28
\@floatcapt=\box57
)
(c:/texlive/2022/texmf-dist/tex/latex/base/ifthen.sty
Package: ifthen 2022/04/13 v1.1d Standard LaTeX ifthen package (DPC)
)
\@float@every@algorithm=\toks29
\c@algorithm=\count286
)
(c:/texlive/2022/texmf-dist/tex/latex/algorithms/algorithmic.sty
Package: algorithmic 2009/08/24 v0.1 Document Style `algorithmic'
\c@ALC@unique=\count287
\c@ALC@line=\count288
\c@ALC@rem=\count289
\c@ALC@depth=\count290
\ALC@tlm=\skip58
\algorithmicindent=\skip59
)
(c:/texlive/2022/texmf-dist/tex/latex/hyphenat/hyphenat.sty
Package: hyphenat 2009/09/02 v2.3c hyphenation utilities
\langwohyphens=\language88
LaTeX Info: Redefining \_ on input line 43.
)
(c:/texlive/2022/texmf-dist/tex/latex/supertabular/supertabular.sty
Package: supertabular 2020/02/02 v4.1g the supertabular environment
\c@tracingst=\count291
\ST@wd=\dimen159
\ST@rightskip=\skip60
\ST@leftskip=\skip61
\ST@parfillskip=\skip62
\ST@pageleft=\dimen160
\ST@headht=\dimen161
\ST@tailht=\dimen162
\ST@pagesofar=\dimen163
\ST@pboxht=\dimen164
\ST@lineht=\dimen165
\ST@prevht=\dimen166
\ST@toadd=\dimen167
\ST@dimen=\dimen168
\ST@pbox=\box58
)
(c:/texlive/2022/texmf-dist/tex/latex/tools/array.sty
Package: array 2022/09/04 v2.5g Tabular extension package (FMi)
\col@sep=\dimen169
\ar@mcellbox=\box59
\extrarowheight=\dimen170
\NC@list=\toks30
\extratabsurround=\skip63
\backup@length=\skip64
\ar@cellbox=\box60
)
(c:/texlive/2022/texmf-dist/tex/latex/tools/tabularx.sty
Package: tabularx 2020/01/15 v2.11c `tabularx' package (DPC)
\TX@col@width=\dimen171
\TX@old@table=\dimen172
\TX@old@col=\dimen173
\TX@target=\dimen174
\TX@delta=\dimen175
\TX@cols=\count292
\TX@ftn=\toks31
)
LaTeX Font Info:    Trying to load font information for T1+aer on input line 63
.

(c:/texlive/2022/texmf-dist/tex/latex/ae/t1aer.fd
File: t1aer.fd 1997/11/16 Font definitions for T1/aer.
)
(c:/texlive/2022/texmf-dist/tex/latex/l3backend/l3backend-pdftex.def
File: l3backend-pdftex.def 2023-01-16 L3 backend support: PDF output (pdfTeX)
\l__color_backend_stack_int=\count293
\l__pdf_internal_box=\box61
)
(./main.aux)
\openout1 = `main.aux'.

LaTeX Font Info:    Checking defaults for OML/cmm/m/it on input line 63.
LaTeX Font Info:    ... okay on input line 63.
LaTeX Font Info:    Checking defaults for OMS/cmsy/m/n on input line 63.
LaTeX Font Info:    ... okay on input line 63.
LaTeX Font Info:    Checking defaults for OT1/cmr/m/n on input line 63.
LaTeX Font Info:    ... okay on input line 63.
LaTeX Font Info:    Checking defaults for T1/cmr/m/n on input line 63.
LaTeX Font Info:    ... okay on input line 63.
LaTeX Font Info:    Checking defaults for TS1/cmr/m/n on input line 63.
LaTeX Font Info:    ... okay on input line 63.
LaTeX Font Info:    Checking defaults for OMX/cmex/m/n on input line 63.
LaTeX Font Info:    ... okay on input line 63.
LaTeX Font Info:    Checking defaults for U/cmr/m/n on input line 63.
LaTeX Font Info:    ... okay on input line 63.
 (c:/texlive/2022/texmf-dist/tex/context/base/mkii/supp-pdf.mkii
[Loading MPS to PDF converter (version 2006.09.02).]
\scratchcounter=\count294
\scratchdimen=\dimen176
\scratchbox=\box62
\nofMPsegments=\count295
\nofMParguments=\count296
\everyMPshowfont=\toks32
\MPscratchCnt=\count297
\MPscratchDim=\dimen177
\MPnumerator=\count298
\makeMPintoPDFobject=\count299
\everyMPtoPDFconversion=\toks33
) (c:/texlive/2022/texmf-dist/tex/latex/epstopdf-pkg/epstopdf-base.sty
Package: epstopdf-base 2020-01-24 v2.11 Base part for package epstopdf
Package epstopdf-base Info: Redefining graphics rule for `.eps' on input line 4
85.

(c:/texlive/2022/texmf-dist/tex/latex/latexconfig/epstopdf-sys.cfg
File: epstopdf-sys.cfg 2010/07/13 v1.3 Configuration of (r)epstopdf for TeX Liv
e
))
\c@lstlisting=\count300

(./makroja.tex)
Underfull \hbox (badness 10000) in paragraph at lines 227--227

 []

LaTeX Font Info:    Trying to load font information for U+msa on input line 227
.
(c:/texlive/2022/texmf-dist/tex/latex/amsfonts/umsa.fd
File: umsa.fd 2013/01/14 v3.01 AMS symbols A
)
LaTeX Font Info:    Trying to load font information for U+msb on input line 227
.

(c:/texlive/2022/texmf-dist/tex/latex/amsfonts/umsb.fd
File: umsb.fd 2013/01/14 v3.01 AMS symbols B
) [1

{c:/texlive/2022/texmf-var/fonts/map/pdftex/updmap/pdftex.map}] (./luku_abstrak
tit.tex
Overfull \hbox (2.61234pt too wide) in paragraph at lines 8--44
[][] [] 
 []

[2]) (./main.toc [3

])
\tf@toc=\write3
\openout3 = `main.toc'.

 [4] (./luku_lyhenteet.tex
Underfull \hbox (badness 10000) in paragraph at lines 21--23
[]|\T1/aer/m/n/12 3rd Gen-er-a-tion Part-ner-ship Project; Kol-man-nen
 []


Underfull \hbox (badness 10000) in paragraph at lines 23--24
[]|\T1/aer/m/n/12 Encapsulating Se-cu-rity Pay-load; Yksi IPsec-
 []

) [5

] (./content.tex
Underfull \hbox (badness 10000) in paragraph at lines 5--13

 []


Underfull \hbox (badness 10000) in paragraph at lines 14--19

 []


Underfull \hbox (badness 10000) in paragraph at lines 20--25

 []


Underfull \hbox (badness 10000) in paragraph at lines 33--38

 []

[6]
Underfull \hbox (badness 10000) in paragraph at lines 39--43

 []


Underfull \hbox (badness 10000) in paragraph at lines 44--51

 []

[7]
Underfull \hbox (badness 10000) in paragraph at lines 76--81

 []


Underfull \hbox (badness 10000) in paragraph at lines 82--83

 []


Overfull \hbox (16.52315pt too wide) in paragraph at lines 98--102
\T1/aer/m/n/12 tarvetta jakaa alalukui-hin, diplomi-työssä ja muissa isom-missa
 töissä sekä tutkimus-ra-porteissa
 []


Overfull \hbox (5.43552pt too wide) in paragraph at lines 98--102
\T1/aer/m/n/12 alalu-vut ovat mah-dol-lisia (esim. 1.1 Tutkimu-songelma, 1.2 Ai
neisto ja tutkimus-menetelmä,
 []

LaTeX Font Info:    Trying to load font information for TS1+aer on input line 1
13.
LaTeX Font Info:    No file TS1aer.fd. on input line 113.

LaTeX Font Warning: Font shape `TS1/aer/m/n' undefined
(Font)              using `TS1/cmr/m/n' instead
(Font)              for symbol `textbullet' on input line 113.

[8] [9]
Underfull \hbox (badness 10000) in paragraph at lines 194--199

 []


Underfull \hbox (badness 10000) in paragraph at lines 200--203

 []


Underfull \hbox (badness 10000) in paragraph at lines 211--215

 []

[10]
Overfull \hbox (26.11333pt too wide) in paragraph at lines 224--224
[]\T1/aer/b/n/17.28 Multilinear mono-mial de-tec-tion with al-ge-braic fin-ger-
print-ing 
 []

LaTeX Font Info:    Trying to load font information for T1+aett on input line 2
48.
(c:/texlive/2022/texmf-dist/tex/latex/ae/t1aett.fd
File: t1aett.fd 1997/11/16 Font definitions for T1/aett.
) [11]
Overfull \hbox (38.80011pt too wide) in paragraph at lines 278--285
\T1/aer/m/n/12 ko-men-toja). Tämän doku-mentin sivuaset-te-lut tehdään pääosin 
tyyl-i-tiedos-tossa [][]\T1/aett/m/n/12 aaltosci_t.sty[]\T1/aer/m/n/12 ,
 []

[12]
Overfull \hbox (5.69933pt too wide) in paragraph at lines 325--328
[]\T1/aer/m/n/12 Käännösvaiheissa hakemis-toon ilmestyy mo-n-en-laisia työ- ja 
lok-i-tiedos-toja, joiden päät-teinä
 []

[13]
Overfull \hbox (6.4556pt too wide) in paragraph at lines 413--417
[][]\T1/aett/m/n/12 \clearpage []\T1/aer/m/n/12 tai [][]\T1/aett/m/n/12 \afterp
age{\clearpage}[]\T1/aer/m/n/12 , minkä tarkoituk-sena pakot-taa kel-lu-vat ob-
jek-tit
 []

[14]
Underfull \hbox (badness 3386) in paragraph at lines 455--462
\T1/aer/m/n/12 1,5, mutta sen voi ha-lutes-saan vai-h-taa vä-liksi 1 kom-men-to
imalla [][]\T1/aett/m/n/12 main.tex[]\T1/aer/m/n/12 in
 []


Overfull \hbox (2.91707pt too wide) in paragraph at lines 476--481
[]\T1/aer/m/it/12 IP Dat-a-cast-ing is a ser-vice where dig-i-tal con-tent for-
mats, soft-ware ap-pli-ca-tions,
 []

[15]
Overfull \hbox (201.13748pt too wide) in paragraph at lines 547--560
 [] 
 []


Underfull \hbox (badness 4779) in paragraph at lines 578--581
[]|\T1/aer/m/n/12 COFDM mode (num-ber of
 []


Underfull \hbox (badness 1472) in paragraph at lines 581--583
[]|\T1/aer/m/n/12 8k (6817, 1116 Hz, 896 $\OML/cmm/m/it/12 ^^V$\T1/aer/m/n/12 s
) or 2k
 []


Underfull \hbox (badness 10000) in paragraph at lines 584--585
[]|\T1/aer/m/n/12 Guard in-ter-val (8k/4k
 []

[16] [17]
Underfull \hbox (badness 2142) in paragraph at lines 745--752
[]\T1/aer/m/n/12 Algoritmien ja pseu-dokoodin esit-tämiseen tarvi-taan es-imerk
iksi [][]\T1/aett/m/n/12 algorithmic[]\T1/aer/m/n/12 - ja
 []


Overfull \hbox (8.77614pt too wide) in paragraph at lines 760--764
\T1/aer/m/n/12 Lähdeluettelo kir-joite-taan joko käsin tai au-tomaat-tis-esti k
erä-ty-istä lähteistä bib-päät-tei-seen
 []


Overfull \hbox (0.14833pt too wide) in paragraph at lines 774--783
[]\T1/aer/m/n/12 Kurssilla opete-taan käyt-tämään Re-f-Work-sia lähtei-den koko
amiseen. Sieltä on mah-dol-lista
 []


Overfull \hbox (12.49193pt too wide) in paragraph at lines 784--786
[]\T1/aer/m/n/12 Google Scholar palaut-taa myös BibTeX-muotoisia lähde-vi-it-te
itä, kun-han olet sen ase-tuk-sissa
 []

[18]
Overfull \hbox (14.22412pt too wide) in paragraph at lines 817--823
\T1/aer/m/n/12 ``Pro gradu'' (kts. [][]\T1/aett/m/n/12 finnbst.tex[]\T1/aer/m/n
/12 ). Tämä voidaan muut-taa an-ta-malla ky-seisen merk-in-tä-tyypin
 []


Overfull \hbox (42.11163pt too wide) in paragraph at lines 848--855
\T1/aer/m/n/12 muu-tok-set on valmis-teltu ti-ivi-issä yhteistyössä ym-päristöm
in-is-ter-iön kanssa. Ym-päristö-valiokunta
 []


Overfull \hbox (14.27966pt too wide) in paragraph at lines 856--862
\T1/aer/m/n/12 että vaa-timuk-set aset-tuvat yleis-esti sel-l-aiselle tasolle, 
että ne ovat ko-htu-ullisella in-vestoin-nilla
 []


Overfull \hbox (1.28827pt too wide) in paragraph at lines 856--862
\T1/aer/m/n/12 kuitenkaan vaaranna ym-päristön-suo-jelun tasoa ja on es-imerkik
si Itämeren suo-jelukomis-sio
 []


Overfull \hbox (30.4841pt too wide) in paragraph at lines 863--870
\T1/aer/m/n/12 pi-laan-tu-mis-vaaran pe-rus-teella herkillä alueilla kuten rant
a-alueilla tai tärkeillä po-h-javesialueilla. 
 []

[19]
Overfull \hbox (19.75168pt too wide) in paragraph at lines 878--887
[]\T1/aer/m/n/12 Valiokunta ko-rostaa, että lain ja ase-tuk-sen mukaisten vaa-t
imusten to-teut-tami-nen käytän-nössä
 []


Overfull \hbox (16.18007pt too wide) in paragraph at lines 878--887
\T1/aer/m/n/12 neu-von-nan jär-jestämiseksi kun-nissa. Vaa-timus-ta-son muu-tok
-sella ko-htu-ullis-te-taan tarvit-tavia
 []


Overfull \hbox (19.70778pt too wide) in paragraph at lines 888--894
\T1/aer/m/n/12 vesives-salla varuste-tu-illa vapaa-ajan asun-noilla. Val-taos-a
lla vapaa-ajan asun-toja lain-säädäntö
 []


Overfull \hbox (8.0398pt too wide) in paragraph at lines 895--903
[]\T1/aer/m/n/12 Muutoksella tarken-netaan, ketkä voivat hakea kunnalta vi-iden
 vuo-den mit-taista va-pau-tusta
 []


Overfull \hbox (17.88348pt too wide) in paragraph at lines 895--903
\T1/aer/m/n/12 vaike-assa elämän-ti-lanteessa ol-e-vat ki-in-teistönomis-ta-jat
 kuten työt-tömät ja pitkäaikais-sairaat)
 []

[20]
Overfull \hbox (5.84348pt too wide) in paragraph at lines 924--931
\T1/aer/m/n/12 Eu-roopan neu-vos-ton pitääkin varmis-taa, että selvi-tyk-siä ei
 es-tetä tai vaikeuteta poli-it-ti-sista
 []


Overfull \hbox (25.46814pt too wide) in paragraph at lines 924--931
\T1/aer/m/n/12 tapah-tu-mien täy-delli-nen läpikäynti aut-taa rak-en-ta-maan pa
rem-paa tule-vaisu-utta. Os-oit-ta-malla
 []


Overfull \hbox (2.7594pt too wide) in paragraph at lines 932--944
\T1/aer/m/n/12 virheen, jonka takia pienet taimikot jäivät tilapäis-esti hir-vi
vahinkoko-r-vausten ulkop-uolelle.
 []


Overfull \hbox (12.2682pt too wide) in paragraph at lines 952--961
[]\T1/aer/m/n/12 Euroopan unionin ym-päristömerkki si-ir-tyy samaan kotipesään 
po-hjo-is-maisen Jout-sen-merkin
 []


Overfull \hbox (9.40724pt too wide) in paragraph at lines 952--961
\T1/aer/m/n/12 kanssa. Eduskunta hyväksyi ti-is-taina lakimuu-tok-sen, jolla ym
-päristömerkin-nän kansal-lis-ten
 []


Overfull \hbox (14.33113pt too wide) in paragraph at lines 952--961
\T1/aer/m/n/12 on käytössä kaksi vi-ral-lista ym-päristömerk-in-täjär-jestelmää
. Po-hjo-is-mainen ym-päristömerkki
 []


Overfull \hbox (7.45587pt too wide) in paragraph at lines 962--969
[]\T1/aer/m/n/12 Merkit ovat va-paae-htoisia ja ni-illä kan-nuste-taan valmis-t
a-jia ja palve-lu-tar-joa-jia ke-hit-tämään
 []

[21]) [22] (./main.bbl (./babelbst.tex (./englbst.tex))
Underfull \hbox (badness 1852) in paragraph at lines 35--41
[]\T1/aer/m/n/12 Ilkka Kau-ra-nen, Mikko A. Mus-takallio and Virpi Palm-gren.  
\T1/aer/m/it/12 Tutkimus-ra-portin
 []


Underfull \hbox (badness 3168) in paragraph at lines 50--55
\T1/aer/m/n/12 Addison-Wesley, Boston, sec-ond edi-tion, 2004.  ISBN 0-201-3629
9-6 (nid.).
 []


Underfull \hbox (badness 10000) in paragraph at lines 64--67
[]\T1/aer/m/n/12 Mikael Puo-lakka.  \T1/aer/m/it/12 BiBTeX-tyylin tktl käyt-töo
-hje\T1/aer/m/n/12 .  Helsin-gin yliopis-ton
 []


Underfull \hbox (badness 7081) in paragraph at lines 69--76
\T1/aer/m/n/12 Es-poo, 2010.  Saatavissa $\T1/aett/m/n/12 http : / / www . cis 
. hut . fi / teemu / katkotaan / rivia /
 []


Underfull \hbox (badness 10000) in paragraph at lines 69--76
\T1/aett/m/n/12 jotta / helpompi / katkaista / sopivasta / kohtaa / tamakin / l
itania / poikki / rtfm .
 []

) [23

] (./luku_liitteet.tex) [24

] (./main.aux)

LaTeX Font Warning: Some font shapes were not available, defaults substituted.


LaTeX Warning: Label(s) may have changed. Rerun to get cross-references right.

 ) 
Here is how much of TeX's memory you used:
 7101 strings out of 476065
 107927 string characters out of 5795020
 1863299 words of memory out of 5000000
 27298 multiletter control sequences out of 15000+600000
 568172 words of font info for 148 fonts, out of 8000000 for 9000
 1141 hyphenation exceptions out of 8191
 72i,13n,76p,299b,386s stack positions out of 10000i,1000n,20000p,200000b,200000s
{c:/texlive/2022/texmf-dist/fonts/enc/dvips/cm-super/cm-super-ts1.enc}<c:/tex
live/2022/texmf-dist/fonts/type1/public/amsfonts/cm/cmb10.pfb><c:/texlive/2022/
texmf-dist/fonts/type1/public/amsfonts/cm/cmbx12.pfb><c:/texlive/2022/texmf-dis
t/fonts/type1/public/amsfonts/cm/cmcsc10.pfb><c:/texlive/2022/texmf-dist/fonts/
type1/public/amsfonts/cm/cmex10.pfb><c:/texlive/2022/texmf-dist/fonts/type1/pub
lic/amsfonts/cm/cmmi12.pfb><c:/texlive/2022/texmf-dist/fonts/type1/public/amsfo
nts/cm/cmmi8.pfb><c:/texlive/2022/texmf-dist/fonts/type1/public/amsfonts/cm/cmr
10.pfb><c:/texlive/2022/texmf-dist/fonts/type1/public/amsfonts/cm/cmr12.pfb><c:
/texlive/2022/texmf-dist/fonts/type1/public/amsfonts/cm/cmr7.pfb><c:/texlive/20
22/texmf-dist/fonts/type1/public/amsfonts/cm/cmr8.pfb><c:/texlive/2022/texmf-di
st/fonts/type1/public/amsfonts/cm/cmsy10.pfb><c:/texlive/2022/texmf-dist/fonts/
type1/public/amsfonts/cm/cmsy8.pfb><c:/texlive/2022/texmf-dist/fonts/type1/publ
ic/amsfonts/cm/cmti12.pfb><c:/texlive/2022/texmf-dist/fonts/type1/public/amsfon
ts/cm/cmtt10.pfb><c:/texlive/2022/texmf-dist/fonts/type1/public/amsfonts/cm/cmt
t12.pfb><c:/texlive/2022/texmf-dist/fonts/type1/public/amsfonts/symbols/msbm10.
pfb><c:/texlive/2022/texmf-dist/fonts/type1/public/cm-super/sfrm1200.pfb>
Output written on main.pdf (24 pages, 280343 bytes).
PDF statistics:
 168 PDF objects out of 1000 (max. 8388607)
 106 compressed objects within 2 object streams
 0 named destinations out of 1000 (max. 500000)
 1 words of extra memory for PDF output out of 10000 (max. 10000000)

